# JRE version: OpenJDK Runtime Environment Temurin-17.0.4.1+1 (17.0.4.1+1) (build 17.0.4.1+1)
# Java VM: OpenJDK 64-Bit Server VM Temurin-17.0.4.1+1 (17.0.4.1+1, mixed mode, emulated-client, tiered, compressed oops, compressed class ptrs, g1 gc, windows-amd64)
GC Precious Log:
 CPUs: 8 total, 8 available
 Memory: 16144M
 Large Page Support: Disabled
 NUMA Support: Disabled
 Compressed Oops: Enabled (Zero based)
 Heap Region Size: 2M
 Heap Min Capacity: 8M
 Heap Initial Capacity: 254M
 Heap Max Capacity: 4038M
 Pre-touch: Disabled
 Parallel Workers: 8
 Concurrent Workers: 2
 Concurrent Refinement Workers: 8
 Periodic GC: Disabled
Heap:
 garbage-first heap   total 307200K, used 94894K [0x0000000703a00000, 0x0000000800000000)
  region size 2048K, 7 young (14336K), 7 survivors (14336K)
 Metaspace       used 39149K, committed 39488K, reserved 1089536K
  class space    used 4974K, committed 5120K, reserved 1048576K
GC Heap History (20 events):
Event: 13.646 GC heap after
{Heap after GC invocations=11 (full 0):
 garbage-first heap   total 55296K, used 21989K [0x0000000703a00000, 0x0000000800000000)
  region size 2048K, 2 young (4096K), 2 survivors (4096K)
 Metaspace       used 36704K, committed 37056K, reserved 1081344K
  class space    used 4742K, committed 4928K, reserved 1048576K
}
Event: 13.912 GC heap before
{Heap before GC invocations=11 (full 0):
 garbage-first heap   total 55296K, used 36325K [0x0000000703a00000, 0x0000000800000000)
  region size 2048K, 10 young (20480K), 2 survivors (4096K)
 Metaspace       used 37357K, committed 37760K, reserved 1089536K
  class space    used 4809K, committed 4992K, reserved 1048576K
}
Event: 13.917 GC heap after
{Heap after GC invocations=12 (full 0):
 garbage-first heap   total 55296K, used 24550K [0x0000000703a00000, 0x0000000800000000)
  region size 2048K, 2 young (4096K), 2 survivors (4096K)
 Metaspace       used 37357K, committed 37760K, reserved 1089536K
  class space    used 4809K, committed 4992K, reserved 1048576K
}
Event: 14.088 GC heap before
{Heap before GC invocations=12 (full 0):
 garbage-first heap   total 55296K, used 36838K [0x0000000703a00000, 0x0000000800000000)
  region size 2048K, 9 young (18432K), 2 survivors (4096K)
 Metaspace       used 38181K, committed 38528K, reserved 1089536K
  class space    used 4851K, committed 4992K, reserved 1048576K
}
Event: 14.094 GC heap after
{Heap after GC invocations=13 (full 0):
 garbage-first heap   total 157696K, used 27731K [0x0000000703a00000, 0x0000000800000000)
  region size 2048K, 2 young (4096K), 2 survivors (4096K)
 Metaspace       used 38181K, committed 38528K, reserved 1089536K
  class space    used 4851K, committed 4992K, reserved 1048576K
}
Event: 14.517 GC heap before
{Heap before GC invocations=13 (full 0):
 garbage-first heap   total 157696K, used 103507K [0x0000000703a00000, 0x0000000800000000)
  region size 2048K, 39 young (79872K), 2 survivors (4096K)
 Metaspace       used 38833K, committed 39168K, reserved 1089536K
  class space    used 4920K, committed 5056K, reserved 1048576K
}
Event: 14.532 GC heap after
{Heap after GC invocations=14 (full 0):
 garbage-first heap   total 157696K, used 46429K [0x0000000703a00000, 0x0000000800000000)
  region size 2048K, 5 young (10240K), 5 survivors (10240K)
 Metaspace       used 38833K, committed 39168K, reserved 1089536K
  class space    used 4920K, committed 5056K, reserved 1048576K
}
Event: 16.097 GC heap before
{Heap before GC invocations=14 (full 0):
 garbage-first heap   total 157696K, used 99677K [0x0000000703a00000, 0x0000000800000000)
  region size 2048K, 32 young (65536K), 5 survivors (10240K)
 Metaspace       used 39035K, committed 39360K, reserved 1089536K
  class space    used 4959K, committed 5120K, reserved 1048576K
}
Event: 16.129 GC heap after
{Heap after GC invocations=15 (full 0):
 garbage-first heap   total 157696K, used 64049K [0x0000000703a00000, 0x0000000800000000)
  region size 2048K, 4 young (8192K), 4 survivors (8192K)
 Metaspace       used 39035K, committed 39360K, reserved 1089536K
  class space    used 4959K, committed 5120K, reserved 1048576K
}
Event: 16.167 GC heap before
{Heap before GC invocations=15 (full 0):
 garbage-first heap   total 157696K, used 102961K [0x0000000703a00000, 0x0000000800000000)
  region size 2048K, 24 young (49152K), 4 survivors (8192K)
 Metaspace       used 39063K, committed 39360K, reserved 1089536K
  class space    used 4966K, committed 5120K, reserved 1048576K
}
Event: 16.179 GC heap after
{Heap after GC invocations=16 (full 0):
 garbage-first heap   total 157696K, used 67585K [0x0000000703a00000, 0x0000000800000000)
  region size 2048K, 2 young (4096K), 2 survivors (4096K)
 Metaspace       used 39063K, committed 39360K, reserved 1089536K
  class space    used 4966K, committed 5120K, reserved 1048576K
}
Event: 16.216 GC heap before
{Heap before GC invocations=16 (full 0):
 garbage-first heap   total 157696K, used 108545K [0x0000000703a00000, 0x0000000800000000)
  region size 2048K, 23 young (47104K), 2 survivors (4096K)
 Metaspace       used 39142K, committed 39488K, reserved 1089536K
  class space    used 4971K, committed 5120K, reserved 1048576K
}
Event: 16.220 GC heap after
{Heap after GC invocations=17 (full 0):
 garbage-first heap   total 307200K, used 68703K [0x0000000703a00000, 0x0000000800000000)
  region size 2048K, 2 young (4096K), 2 survivors (4096K)
 Metaspace       used 39142K, committed 39488K, reserved 1089536K
  class space    used 4971K, committed 5120K, reserved 1048576K
}
Event: 16.358 GC heap before
{Heap before GC invocations=17 (full 0):
 garbage-first heap   total 307200K, used 220255K [0x0000000703a00000, 0x0000000800000000)
  region size 2048K, 77 young (157696K), 2 survivors (4096K)
 Metaspace       used 39148K, committed 39488K, reserved 1089536K
  class space    used 4974K, committed 5120K, reserved 1048576K
}
Event: 16.365 GC heap after
{Heap after GC invocations=18 (full 0):
 garbage-first heap   total 307200K, used 74407K [0x0000000703a00000, 0x0000000800000000)
  region size 2048K, 5 young (10240K), 5 survivors (10240K)
 Metaspace       used 39148K, committed 39488K, reserved 1089536K
  class space    used 4974K, committed 5120K, reserved 1048576K
}
Event: 16.454 GC heap before
{Heap before GC invocations=18 (full 0):
 garbage-first heap   total 307200K, used 232103K [0x0000000703a00000, 0x0000000800000000)
  region size 2048K, 83 young (169984K), 5 survivors (10240K)
 Metaspace       used 39148K, committed 39488K, reserved 1089536K
  class space    used 4974K, committed 5120K, reserved 1048576K
}
Event: 16.462 GC heap after
{Heap after GC invocations=19 (full 0):
 garbage-first heap   total 307200K, used 80877K [0x0000000703a00000, 0x0000000800000000)
  region size 2048K, 8 young (16384K), 8 survivors (16384K)
 Metaspace       used 39148K, committed 39488K, reserved 1089536K
  class space    used 4974K, committed 5120K, reserved 1048576K
}
Event: 16.536 GC heap before
{Heap before GC invocations=19 (full 0):
 garbage-first heap   total 307200K, used 238573K [0x0000000703a00000, 0x0000000800000000)
  region size 2048K, 86 young (176128K), 8 survivors (16384K)
 Metaspace       used 39149K, committed 39488K, reserved 1089536K
  class space    used 4974K, committed 5120K, reserved 1048576K
}
Event: 16.549 GC heap after
{Heap after GC invocations=20 (full 0):
 garbage-first heap   total 307200K, used 87648K [0x0000000703a00000, 0x0000000800000000)
  region size 2048K, 7 young (14336K), 7 survivors (14336K)
 Metaspace       used 39149K, committed 39488K, reserved 1089536K
  class space    used 4974K, committed 5120K, reserved 1048576K
}
Event: 16.640 GC heap before
{Heap before GC invocations=20 (full 0):
 garbage-first heap   total 307200K, used 243296K [0x0000000703a00000, 0x0000000800000000)
  region size 2048K, 84 young (172032K), 7 survivors (14336K)
 Metaspace       used 39149K, committed 39488K, reserved 1089536K
  class space    used 4974K, committed 5120K, reserved 1048576K
}

