# JRE version: OpenJDK Runtime Environment Temurin-17.0.4.1+1 (17.0.4.1+1) (build 17.0.4.1+1)
# Java VM: OpenJDK 64-Bit Server VM Temurin-17.0.4.1+1 (17.0.4.1+1, mixed mode, emulated-client, tiered, compressed oops, compressed class ptrs, g1 gc, windows-amd64)
GC Precious Log:
 CPUs: 8 total, 8 available
 Memory: 16144M
 Large Page Support: Disabled
 NUMA Support: Disabled
 Compressed Oops: Enabled (Zero based)
 Heap Region Size: 2M
 Heap Min Capacity: 8M
 Heap Initial Capacity: 254M
 Heap Max Capacity: 4038M
 Pre-touch: Disabled
 Parallel Workers: 8
 Concurrent Workers: 2
 Concurrent Refinement Workers: 8
 Periodic GC: Disabled
Heap:
 garbage-first heap   total 337920K, used 99604K [0x0000000703a00000, 0x0000000800000000)
  region size 2048K, 8 young (16384K), 8 survivors (16384K)
 Metaspace       used 39145K, committed 39488K, reserved 1089536K
  class space    used 4971K, committed 5120K, reserved 1048576K
GC Heap History (20 events):
Event: 13.663 GC heap after
{Heap after GC invocations=10 (full 0):
 garbage-first heap   total 55296K, used 19544K [0x0000000703a00000, 0x0000000800000000)
  region size 2048K, 2 young (4096K), 2 survivors (4096K)
 Metaspace       used 35917K, committed 36224K, reserved 1081344K
  class space    used 4669K, committed 4800K, reserved 1048576K
}
Event: 13.941 GC heap before
{Heap before GC invocations=10 (full 0):
 garbage-first heap   total 55296K, used 35928K [0x0000000703a00000, 0x0000000800000000)
  region size 2048K, 11 young (22528K), 2 survivors (4096K)
 Metaspace       used 36555K, committed 36864K, reserved 1081344K
  class space    used 4733K, committed 4864K, reserved 1048576K
}
Event: 13.951 GC heap after
{Heap after GC invocations=11 (full 0):
 garbage-first heap   total 157696K, used 23137K [0x0000000703a00000, 0x0000000800000000)
  region size 2048K, 2 young (4096K), 2 survivors (4096K)
 Metaspace       used 36555K, committed 36864K, reserved 1081344K
  class space    used 4733K, committed 4864K, reserved 1048576K
}
Event: 14.699 GC heap before
{Heap before GC invocations=11 (full 0):
 garbage-first heap   total 157696K, used 105057K [0x0000000703a00000, 0x0000000800000000)
  region size 2048K, 43 young (88064K), 2 survivors (4096K)
 Metaspace       used 38672K, committed 39040K, reserved 1089536K
  class space    used 4895K, committed 5056K, reserved 1048576K
}
Event: 14.714 GC heap after
{Heap after GC invocations=12 (full 0):
 garbage-first heap   total 157696K, used 37910K [0x0000000703a00000, 0x0000000800000000)
  region size 2048K, 6 young (12288K), 6 survivors (12288K)
 Metaspace       used 38672K, committed 39040K, reserved 1089536K
  class space    used 4895K, committed 5056K, reserved 1048576K
}
Event: 16.595 GC heap before
{Heap before GC invocations=12 (full 0):
 garbage-first heap   total 157696K, used 101398K [0x0000000703a00000, 0x0000000800000000)
  region size 2048K, 37 young (75776K), 6 survivors (12288K)
 Metaspace       used 38944K, committed 39296K, reserved 1089536K
  class space    used 4947K, committed 5120K, reserved 1048576K
}
Event: 16.614 GC heap after
{Heap after GC invocations=13 (full 0):
 garbage-first heap   total 157696K, used 58010K [0x0000000703a00000, 0x0000000800000000)
  region size 2048K, 5 young (10240K), 5 survivors (10240K)
 Metaspace       used 38944K, committed 39296K, reserved 1089536K
  class space    used 4947K, committed 5120K, reserved 1048576K
}
Event: 16.747 GC heap before
{Heap before GC invocations=13 (full 0):
 garbage-first heap   total 157696K, used 105114K [0x0000000703a00000, 0x0000000800000000)
  region size 2048K, 29 young (59392K), 5 survivors (10240K)
 Metaspace       used 39048K, committed 39360K, reserved 1089536K
  class space    used 4958K, committed 5120K, reserved 1048576K
}
Event: 16.779 GC heap after
{Heap after GC invocations=14 (full 0):
 garbage-first heap   total 157696K, used 68361K [0x0000000703a00000, 0x0000000800000000)
  region size 2048K, 4 young (8192K), 4 survivors (8192K)
 Metaspace       used 39048K, committed 39360K, reserved 1089536K
  class space    used 4958K, committed 5120K, reserved 1048576K
}
Event: 16.816 GC heap before
{Heap before GC invocations=14 (full 0):
 garbage-first heap   total 157696K, used 111369K [0x0000000703a00000, 0x0000000800000000)
  region size 2048K, 26 young (53248K), 4 survivors (8192K)
 Metaspace       used 39144K, committed 39488K, reserved 1089536K
  class space    used 4971K, committed 5120K, reserved 1048576K
}
Event: 16.835 GC heap after
{Heap after GC invocations=15 (full 0):
 garbage-first heap   total 157696K, used 70584K [0x0000000703a00000, 0x0000000800000000)
  region size 2048K, 2 young (4096K), 2 survivors (4096K)
 Metaspace       used 39144K, committed 39488K, reserved 1089536K
  class space    used 4971K, committed 5120K, reserved 1048576K
}
Event: 16.854 GC heap before
{Heap before GC invocations=15 (full 0):
 garbage-first heap   total 157696K, used 113592K [0x0000000703a00000, 0x0000000800000000)
  region size 2048K, 24 young (49152K), 2 survivors (4096K)
 Metaspace       used 39144K, committed 39488K, reserved 1089536K
  class space    used 4971K, committed 5120K, reserved 1048576K
}
Event: 16.859 GC heap after
{Heap after GC invocations=16 (full 0):
 garbage-first heap   total 337920K, used 72348K [0x0000000703a00000, 0x0000000800000000)
  region size 2048K, 2 young (4096K), 2 survivors (4096K)
 Metaspace       used 39144K, committed 39488K, reserved 1089536K
  class space    used 4971K, committed 5120K, reserved 1048576K
}
Event: 17.009 GC heap before
{Heap before GC invocations=16 (full 0):
 garbage-first heap   total 337920K, used 211612K [0x0000000703a00000, 0x0000000800000000)
  region size 2048K, 71 young (145408K), 2 survivors (4096K)
 Metaspace       used 39144K, committed 39488K, reserved 1089536K
  class space    used 4971K, committed 5120K, reserved 1048576K
}
Event: 17.017 GC heap after
{Heap after GC invocations=17 (full 0):
 garbage-first heap   total 337920K, used 77964K [0x0000000703a00000, 0x0000000800000000)
  region size 2048K, 5 young (10240K), 5 survivors (10240K)
 Metaspace       used 39144K, committed 39488K, reserved 1089536K
  class space    used 4971K, committed 5120K, reserved 1048576K
}
Event: 17.139 GC heap before
{Heap before GC invocations=17 (full 0):
 garbage-first heap   total 337920K, used 243852K [0x0000000703a00000, 0x0000000800000000)
  region size 2048K, 87 young (178176K), 5 survivors (10240K)
 Metaspace       used 39144K, committed 39488K, reserved 1089536K
  class space    used 4971K, committed 5120K, reserved 1048576K
}
Event: 17.150 GC heap after
{Heap after GC invocations=18 (full 0):
 garbage-first heap   total 337920K, used 84551K [0x0000000703a00000, 0x0000000800000000)
  region size 2048K, 8 young (16384K), 8 survivors (16384K)
 Metaspace       used 39144K, committed 39488K, reserved 1089536K
  class space    used 4971K, committed 5120K, reserved 1048576K
}
Event: 17.269 GC heap before
{Heap before GC invocations=18 (full 0):
 garbage-first heap   total 337920K, used 254535K [0x0000000703a00000, 0x0000000800000000)
  region size 2048K, 92 young (188416K), 8 survivors (16384K)
 Metaspace       used 39145K, committed 39488K, reserved 1089536K
  class space    used 4971K, committed 5120K, reserved 1048576K
}
Event: 17.283 GC heap after
{Heap after GC invocations=19 (full 0):
 garbage-first heap   total 337920K, used 92064K [0x0000000703a00000, 0x0000000800000000)
  region size 2048K, 10 young (20480K), 10 survivors (20480K)
 Metaspace       used 39145K, committed 39488K, reserved 1089536K
  class space    used 4971K, committed 5120K, reserved 1048576K
}
Event: 17.393 GC heap before
{Heap before GC invocations=19 (full 0):
 garbage-first heap   total 337920K, used 260000K [0x0000000703a00000, 0x0000000800000000)
  region size 2048K, 93 young (190464K), 10 survivors (20480K)
 Metaspace       used 39145K, committed 39488K, reserved 1089536K
  class space    used 4971K, committed 5120K, reserved 1048576K
}

