# JRE version: OpenJDK Runtime Environment Temurin-17.0.4.1+1 (17.0.4.1+1) (build 17.0.4.1+1)
# Java VM: OpenJDK 64-Bit Server VM Temurin-17.0.4.1+1 (17.0.4.1+1, mixed mode, emulated-client, tiered, compressed oops, compressed class ptrs, g1 gc, windows-amd64)
GC Precious Log:
 CPUs: 8 total, 8 available
 Memory: 16144M
 Large Page Support: Disabled
 NUMA Support: Disabled
 Compressed Oops: Enabled (Zero based)
 Heap Region Size: 2M
 Heap Min Capacity: 8M
 Heap Initial Capacity: 254M
 Heap Max Capacity: 4038M
 Pre-touch: Disabled
 Parallel Workers: 8
 Concurrent Workers: 2
 Concurrent Refinement Workers: 8
 Periodic GC: Disabled
Heap:
 garbage-first heap   total 276480K, used 93790K [0x0000000703a00000, 0x0000000800000000)
  region size 2048K, 6 young (12288K), 6 survivors (12288K)
 Metaspace       used 39096K, committed 39424K, reserved 1089536K
  class space    used 4970K, committed 5120K, reserved 1048576K
GC Heap History (20 events):
Event: 21.953 GC heap after
{Heap after GC invocations=24 (full 0):
 garbage-first heap   total 92160K, used 53183K [0x0000000703a00000, 0x0000000800000000)
  region size 2048K, 1 young (2048K), 1 survivors (2048K)
 Metaspace       used 38894K, committed 39232K, reserved 1089536K
  class space    used 4946K, committed 5120K, reserved 1048576K
}
Event: 22.212 GC heap before
{Heap before GC invocations=24 (full 0):
 garbage-first heap   total 92160K, used 69567K [0x0000000703a00000, 0x0000000800000000)
  region size 2048K, 9 young (18432K), 1 survivors (2048K)
 Metaspace       used 38894K, committed 39232K, reserved 1089536K
  class space    used 4946K, committed 5120K, reserved 1048576K
}
Event: 22.220 GC heap after
{Heap after GC invocations=25 (full 0):
 garbage-first heap   total 92160K, used 61703K [0x0000000703a00000, 0x0000000800000000)
  region size 2048K, 2 young (4096K), 2 survivors (4096K)
 Metaspace       used 38894K, committed 39232K, reserved 1089536K
  class space    used 4946K, committed 5120K, reserved 1048576K
}
Event: 22.389 GC heap before
{Heap before GC invocations=26 (full 0):
 garbage-first heap   total 112640K, used 67847K [0x0000000703a00000, 0x0000000800000000)
  region size 2048K, 6 young (12288K), 2 survivors (4096K)
 Metaspace       used 38983K, committed 39360K, reserved 1089536K
  class space    used 4955K, committed 5120K, reserved 1048576K
}
Event: 22.413 GC heap after
{Heap after GC invocations=27 (full 0):
 garbage-first heap   total 112640K, used 65985K [0x0000000703a00000, 0x0000000800000000)
  region size 2048K, 1 young (2048K), 1 survivors (2048K)
 Metaspace       used 38983K, committed 39360K, reserved 1089536K
  class space    used 4955K, committed 5120K, reserved 1048576K
}
Event: 22.439 GC heap before
{Heap before GC invocations=27 (full 0):
 garbage-first heap   total 112640K, used 78273K [0x0000000703a00000, 0x0000000800000000)
  region size 2048K, 8 young (16384K), 1 survivors (2048K)
 Metaspace       used 38984K, committed 39360K, reserved 1089536K
  class space    used 4956K, committed 5120K, reserved 1048576K
}
Event: 22.446 GC heap after
{Heap after GC invocations=28 (full 0):
 garbage-first heap   total 112640K, used 67168K [0x0000000703a00000, 0x0000000800000000)
  region size 2048K, 1 young (2048K), 1 survivors (2048K)
 Metaspace       used 38984K, committed 39360K, reserved 1089536K
  class space    used 4956K, committed 5120K, reserved 1048576K
}
Event: 22.469 GC heap before
{Heap before GC invocations=28 (full 0):
 garbage-first heap   total 112640K, used 79456K [0x0000000703a00000, 0x0000000800000000)
  region size 2048K, 8 young (16384K), 1 survivors (2048K)
 Metaspace       used 39005K, committed 39360K, reserved 1089536K
  class space    used 4957K, committed 5120K, reserved 1048576K
}
Event: 22.471 GC heap after
{Heap after GC invocations=29 (full 0):
 garbage-first heap   total 112640K, used 67698K [0x0000000703a00000, 0x0000000800000000)
  region size 2048K, 1 young (2048K), 1 survivors (2048K)
 Metaspace       used 39005K, committed 39360K, reserved 1089536K
  class space    used 4957K, committed 5120K, reserved 1048576K
}
Event: 22.507 GC heap before
{Heap before GC invocations=29 (full 0):
 garbage-first heap   total 112640K, used 79986K [0x0000000703a00000, 0x0000000800000000)
  region size 2048K, 8 young (16384K), 1 survivors (2048K)
 Metaspace       used 39014K, committed 39360K, reserved 1089536K
  class space    used 4964K, committed 5120K, reserved 1048576K
}
Event: 22.510 GC heap after
{Heap after GC invocations=30 (full 0):
 garbage-first heap   total 276480K, used 68404K [0x0000000703a00000, 0x0000000800000000)
  region size 2048K, 1 young (2048K), 1 survivors (2048K)
 Metaspace       used 39014K, committed 39360K, reserved 1089536K
  class space    used 4964K, committed 5120K, reserved 1048576K
}
Event: 22.652 GC heap before
{Heap before GC invocations=31 (full 0):
 garbage-first heap   total 276480K, used 154420K [0x0000000703a00000, 0x0000000800000000)
  region size 2048K, 44 young (90112K), 1 survivors (2048K)
 Metaspace       used 39095K, committed 39424K, reserved 1089536K
  class space    used 4969K, committed 5120K, reserved 1048576K
}
Event: 22.657 GC heap after
{Heap after GC invocations=32 (full 0):
 garbage-first heap   total 276480K, used 71904K [0x0000000703a00000, 0x0000000800000000)
  region size 2048K, 3 young (6144K), 3 survivors (6144K)
 Metaspace       used 39095K, committed 39424K, reserved 1089536K
  class space    used 4969K, committed 5120K, reserved 1048576K
}
Event: 22.795 GC heap before
{Heap before GC invocations=32 (full 0):
 garbage-first heap   total 276480K, used 200928K [0x0000000703a00000, 0x0000000800000000)
  region size 2048K, 67 young (137216K), 3 survivors (6144K)
 Metaspace       used 39095K, committed 39424K, reserved 1089536K
  class space    used 4969K, committed 5120K, reserved 1048576K
}
Event: 22.804 GC heap after
{Heap after GC invocations=33 (full 0):
 garbage-first heap   total 276480K, used 77295K [0x0000000703a00000, 0x0000000800000000)
  region size 2048K, 6 young (12288K), 6 survivors (12288K)
 Metaspace       used 39095K, committed 39424K, reserved 1089536K
  class space    used 4969K, committed 5120K, reserved 1048576K
}
Event: 22.876 GC heap before
{Heap before GC invocations=33 (full 0):
 garbage-first heap   total 276480K, used 208367K [0x0000000703a00000, 0x0000000800000000)
  region size 2048K, 71 young (145408K), 6 survivors (12288K)
 Metaspace       used 39095K, committed 39424K, reserved 1089536K
  class space    used 4969K, committed 5120K, reserved 1048576K
}
Event: 22.886 GC heap after
{Heap after GC invocations=34 (full 0):
 garbage-first heap   total 276480K, used 82401K [0x0000000703a00000, 0x0000000800000000)
  region size 2048K, 7 young (14336K), 7 survivors (14336K)
 Metaspace       used 39095K, committed 39424K, reserved 1089536K
  class space    used 4969K, committed 5120K, reserved 1048576K
}
Event: 22.947 GC heap before
{Heap before GC invocations=34 (full 0):
 garbage-first heap   total 276480K, used 215521K [0x0000000703a00000, 0x0000000800000000)
  region size 2048K, 74 young (151552K), 7 survivors (14336K)
 Metaspace       used 39096K, committed 39424K, reserved 1089536K
  class space    used 4970K, committed 5120K, reserved 1048576K
}
Event: 22.961 GC heap after
{Heap after GC invocations=35 (full 0):
 garbage-first heap   total 276480K, used 88062K [0x0000000703a00000, 0x0000000800000000)
  region size 2048K, 8 young (16384K), 8 survivors (16384K)
 Metaspace       used 39096K, committed 39424K, reserved 1089536K
  class space    used 4970K, committed 5120K, reserved 1048576K
}
Event: 23.063 GC heap before
{Heap before GC invocations=35 (full 0):
 garbage-first heap   total 276480K, used 219134K [0x0000000703a00000, 0x0000000800000000)
  region size 2048K, 73 young (149504K), 8 survivors (16384K)
 Metaspace       used 39096K, committed 39424K, reserved 1089536K
  class space    used 4970K, committed 5120K, reserved 1048576K
}

